Flow report for mp0
Sun Sep  6 15:09:01 2015
Quartus II 64-Bit Version 13.1.0 Build 162 10/23/2013 SJ Web Edition


---------------------
; Table of Contents ;
---------------------
  1. Legal Notice
  2. Flow Summary
  3. Flow Settings
  4. Flow Non-Default Global Settings
  5. Flow Elapsed Time
  6. Flow OS Summary
  7. Flow Log
  8. Flow Messages
  9. Flow Suppressed Messages



----------------
; Legal Notice ;
----------------
Copyright (C) 1991-2013 Altera Corporation
Your use of Altera Corporation's design tools, logic functions 
and other software and tools, and its AMPP partner logic 
functions, and any output files from any of the foregoing 
(including device programming or simulation files), and any 
associated documentation or information are expressly subject 
to the terms and conditions of the Altera Program License 
Subscription Agreement, Altera MegaCore Function License 
Agreement, or other applicable license agreement, including, 
without limitation, that your use is for the sole purpose of 
programming logic devices manufactured by Altera and sold by 
Altera or its authorized distributors.  Please refer to the 
applicable agreement for further details.



+---------------------------------------------------------------------------------+
; Flow Summary                                                                    ;
+------------------------------------+--------------------------------------------+
; Flow Status                        ; Successful - Sun Sep  6 15:09:01 2015      ;
; Quartus II 64-Bit Version          ; 13.1.0 Build 162 10/23/2013 SJ Web Edition ;
; Revision Name                      ; mp0                                        ;
; Top-level Entity Name              ; mp1                                        ;
; Family                             ; Cyclone IV GX                              ;
; Total logic elements               ; 382 / 21,280 ( 2 % )                       ;
;     Total combinational functions  ; 345 / 21,280 ( 2 % )                       ;
;     Dedicated logic registers      ; 208 / 21,280 ( < 1 % )                     ;
; Total registers                    ; 208                                        ;
; Total pins                         ; 54 / 167 ( 32 % )                          ;
; Total virtual pins                 ; 0                                          ;
; Total memory bits                  ; 0 / 774,144 ( 0 % )                        ;
; Embedded Multiplier 9-bit elements ; 0 / 80 ( 0 % )                             ;
; Total GXB Receiver Channel PCS     ; 0 / 4 ( 0 % )                              ;
; Total GXB Receiver Channel PMA     ; 0 / 4 ( 0 % )                              ;
; Total GXB Transmitter Channel PCS  ; 0 / 4 ( 0 % )                              ;
; Total GXB Transmitter Channel PMA  ; 0 / 4 ( 0 % )                              ;
; Total PLLs                         ; 0 / 4 ( 0 % )                              ;
; Device                             ; EP4CGX22CF19C6                             ;
; Timing Models                      ; Final                                      ;
+------------------------------------+--------------------------------------------+


+-----------------------------------------+
; Flow Settings                           ;
+-------------------+---------------------+
; Option            ; Setting             ;
+-------------------+---------------------+
; Start date & time ; 09/06/2015 15:08:08 ;
; Main task         ; Compilation         ;
; Revision Name     ; mp0                 ;
+-------------------+---------------------+


+-----------------------------------------------------------------------------------------------------------------------+
; Flow Non-Default Global Settings                                                                                      ;
+--------------------------------------+---------------------------------+---------------+-------------+----------------+
; Assignment Name                      ; Value                           ; Default Value ; Entity Name ; Section Id     ;
+--------------------------------------+---------------------------------+---------------+-------------+----------------+
; COMPILER_SIGNATURE_ID                ; 101318451293221.144155208701088 ; --            ; --          ; --             ;
; EDA_DESIGN_INSTANCE_NAME             ; NA                              ; --            ; --          ; mp1_tb         ;
; EDA_NATIVELINK_SIMULATION_TEST_BENCH ; mp1_tb                          ; --            ; --          ; eda_simulation ;
; EDA_OUTPUT_DATA_FORMAT               ; Systemverilog Hdl               ; --            ; --          ; eda_simulation ;
; EDA_SIMULATION_TOOL                  ; ModelSim-Altera (SystemVerilog) ; <None>        ; --          ; --             ;
; EDA_TEST_BENCH_ENABLE_STATUS         ; TEST_BENCH_MODE                 ; --            ; --          ; eda_simulation ;
; EDA_TEST_BENCH_FILE                  ; memory.sv                       ; --            ; --          ; mp1_tb         ;
; EDA_TEST_BENCH_FILE                  ; mp1_tb.sv                       ; --            ; --          ; mp1_tb         ;
; EDA_TEST_BENCH_MODULE_NAME           ; mp1_tb                          ; --            ; --          ; mp1_tb         ;
; EDA_TEST_BENCH_NAME                  ; mp1_tb                          ; --            ; --          ; eda_simulation ;
; EDA_TEST_BENCH_RUN_SIM_FOR           ; 2000 ns                         ; --            ; --          ; mp1_tb         ;
; EDA_TIME_SCALE                       ; 1 ps                            ; --            ; --          ; eda_simulation ;
; PARTITION_COLOR                      ; 16764057                        ; --            ; mp1         ; Top            ;
; PARTITION_FITTER_PRESERVATION_LEVEL  ; PLACEMENT_AND_ROUTING           ; --            ; mp1         ; Top            ;
; PARTITION_NETLIST_TYPE               ; SOURCE                          ; --            ; mp1         ; Top            ;
; TOP_LEVEL_ENTITY                     ; mp1                             ; mp0           ; --          ; --             ;
+--------------------------------------+---------------------------------+---------------+-------------+----------------+


+-------------------------------------------------------------------------------------------------------------------------------+
; Flow Elapsed Time                                                                                                             ;
+---------------------------+--------------+-------------------------+---------------------+------------------------------------+
; Module Name               ; Elapsed Time ; Average Processors Used ; Peak Virtual Memory ; Total CPU Time (on all processors) ;
+---------------------------+--------------+-------------------------+---------------------+------------------------------------+
; Analysis & Synthesis      ; 00:00:04     ; 1.0                     ; 673 MB              ; 00:00:03                           ;
; Fitter                    ; 00:00:21     ; 1.0                     ; 952 MB              ; 00:00:16                           ;
; Assembler                 ; 00:00:03     ; 1.0                     ; 671 MB              ; 00:00:02                           ;
; TimeQuest Timing Analyzer ; 00:00:05     ; 1.0                     ; 646 MB              ; 00:00:04                           ;
; EDA Netlist Writer        ; 00:00:02     ; 1.0                     ; 922 MB              ; 00:00:02                           ;
; Total                     ; 00:00:35     ; --                      ; --                  ; 00:00:27                           ;
+---------------------------+--------------+-------------------------+---------------------+------------------------------------+


+-----------------------------------------------------------------------------------------+
; Flow OS Summary                                                                         ;
+---------------------------+------------------+------------+------------+----------------+
; Module Name               ; Machine Hostname ; OS Name    ; OS Version ; Processor type ;
+---------------------------+------------------+------------+------------+----------------+
; Analysis & Synthesis      ; Guslechat        ; Arch Linux ; Arch Linux ; x86_64         ;
; Fitter                    ; Guslechat        ; Arch Linux ; Arch Linux ; x86_64         ;
; Assembler                 ; Guslechat        ; Arch Linux ; Arch Linux ; x86_64         ;
; TimeQuest Timing Analyzer ; Guslechat        ; Arch Linux ; Arch Linux ; x86_64         ;
; EDA Netlist Writer        ; Guslechat        ; Arch Linux ; Arch Linux ; x86_64         ;
+---------------------------+------------------+------------+------------+----------------+


------------
; Flow Log ;
------------
quartus_map --read_settings_files=on --write_settings_files=off mp1 -c mp0
quartus_fit --read_settings_files=off --write_settings_files=off mp1 -c mp0
quartus_asm --read_settings_files=off --write_settings_files=off mp1 -c mp0
quartus_sta mp1 -c mp0
quartus_eda --read_settings_files=off --write_settings_files=off mp1 -c mp0



